<?xml version="1.0" encoding="UTF-8"?>
<testsuite xmlns:xsi="http://www.w3.org/2001/XMLSchema-instance" xsi:noNamespaceSchemaLocation="https://maven.apache.org/surefire/maven-surefire-plugin/xsd/surefire-test-report.xsd" name="com.twelvemonkeys.lang.DateUtilTest" time="0.125" tests="30" errors="0" skipped="0" failures="0">
  <properties>
    <property name="awt.toolkit" value="sun.awt.X11.XToolkit"/>
    <property name="file.encoding.pkg" value="sun.io"/>
    <property name="java.specification.version" value="1.8"/>
    <property name="sun.cpu.isalist" value=""/>
    <property name="sun.jnu.encoding" value="UTF-8"/>
    <property name="java.class.path" value="/root/.m2/repository/org/apache/maven/surefire/surefire-booter/2.22.1/surefire-booter-2.22.1.jar:/root/.m2/repository/org/apache/maven/surefire/surefire-api/2.22.1/surefire-api-2.22.1.jar:/root/.m2/repository/org/apache/maven/surefire/surefire-logger-api/2.22.1/surefire-logger-api-2.22.1.jar:/usr/src/mymaven/imageio-extensions/common/common-lang/target/test-classes:/usr/src/mymaven/imageio-extensions/common/common-lang/target/classes:/root/.m2/repository/junit/junit/4.7/junit-4.7.jar:/root/.m2/repository/org/apache/maven/surefire/surefire-junit4/2.22.1/surefire-junit4-2.22.1.jar"/>
    <property name="java.vm.vendor" value="Oracle Corporation"/>
    <property name="sun.arch.data.model" value="64"/>
    <property name="java.vendor.url" value="http://java.oracle.com/"/>
    <property name="user.timezone" value=""/>
    <property name="java.vm.specification.version" value="1.8"/>
    <property name="os.name" value="Linux"/>
    <property name="sun.java.launcher" value="SUN_STANDARD"/>
    <property name="sun.boot.library.path" value="/usr/local/openjdk-8/jre/lib/amd64"/>
    <property name="sun.java.command" value="org.apache.maven.surefire.booter.ForkedBooter /usr/src/mymaven/imageio-extensions/common/common-lang/target/surefire 2022-12-05T14-14-04_249-jvmRun1 surefire7308453719092433255tmp surefire_03666010488796442132tmp"/>
    <property name="surefire.test.class.path" value="/usr/src/mymaven/imageio-extensions/common/common-lang/target/test-classes:/usr/src/mymaven/imageio-extensions/common/common-lang/target/classes:/root/.m2/repository/junit/junit/4.7/junit-4.7.jar:"/>
    <property name="sun.cpu.endian" value="little"/>
    <property name="user.home" value="/root"/>
    <property name="user.language" value="en"/>
    <property name="java.specification.vendor" value="Oracle Corporation"/>
    <property name="java.home" value="/usr/local/openjdk-8/jre"/>
    <property name="basedir" value="/usr/src/mymaven/imageio-extensions/common/common-lang"/>
    <property name="file.separator" value="/"/>
    <property name="line.separator" value="&#10;"/>
    <property name="java.vm.specification.vendor" value="Oracle Corporation"/>
    <property name="java.specification.name" value="Java Platform API Specification"/>
    <property name="java.awt.graphicsenv" value="sun.awt.X11GraphicsEnvironment"/>
    <property name="java.awt.headless" value="true"/>
    <property name="sun.boot.class.path" value="/usr/local/openjdk-8/jre/lib/resources.jar:/usr/local/openjdk-8/jre/lib/rt.jar:/usr/local/openjdk-8/jre/lib/sunrsasign.jar:/usr/local/openjdk-8/jre/lib/jsse.jar:/usr/local/openjdk-8/jre/lib/jce.jar:/usr/local/openjdk-8/jre/lib/charsets.jar:/usr/local/openjdk-8/jre/lib/jfr.jar:/usr/local/openjdk-8/jre/classes"/>
    <property name="sun.management.compiler" value="HotSpot 64-Bit Tiered Compilers"/>
    <property name="java.runtime.version" value="1.8.0_282-b08"/>
    <property name="user.name" value="root"/>
    <property name="path.separator" value=":"/>
    <property name="os.version" value="5.15.49-linuxkit"/>
    <property name="java.endorsed.dirs" value="/usr/local/openjdk-8/jre/lib/endorsed"/>
    <property name="java.runtime.name" value="OpenJDK Runtime Environment"/>
    <property name="file.encoding" value="UTF-8"/>
    <property name="java.vm.name" value="OpenJDK 64-Bit Server VM"/>
    <property name="localRepository" value="/root/.m2/repository"/>
    <property name="java.vendor.url.bug" value="http://bugreport.sun.com/bugreport/"/>
    <property name="java.io.tmpdir" value="/tmp"/>
    <property name="java.version" value="1.8.0_282"/>
    <property name="user.dir" value="/usr/src/mymaven/imageio-extensions/common/common-lang"/>
    <property name="os.arch" value="amd64"/>
    <property name="java.vm.specification.name" value="Java Virtual Machine Specification"/>
    <property name="java.awt.printerjob" value="sun.print.PSPrinterJob"/>
    <property name="sun.os.patch.level" value="unknown"/>
    <property name="java.library.path" value="/usr/java/packages/lib/amd64:/usr/lib64:/lib64:/lib:/usr/lib"/>
    <property name="java.vm.info" value="mixed mode"/>
    <property name="java.vendor" value="Oracle Corporation"/>
    <property name="java.vm.version" value="25.282-b08"/>
    <property name="java.ext.dirs" value="/usr/local/openjdk-8/jre/lib/ext:/usr/java/packages/lib/ext"/>
    <property name="sun.io.unicode.encoding" value="UnicodeLittle"/>
    <property name="java.class.version" value="52.0"/>
  </properties>
  <testcase name="testRoundToDay[0]" classname="com.twelvemonkeys.lang.DateUtilTest" time="0.113"/>
  <testcase name="testRoundToDayTZ[0]" classname="com.twelvemonkeys.lang.DateUtilTest" time="0"/>
  <testcase name="testCurrentTimeSecond[0]" classname="com.twelvemonkeys.lang.DateUtilTest" time="0"/>
  <testcase name="testCurrentTimeMinute[0]" classname="com.twelvemonkeys.lang.DateUtilTest" time="0"/>
  <testcase name="testCurrentTimeHour[0]" classname="com.twelvemonkeys.lang.DateUtilTest" time="0"/>
  <testcase name="testCurrentTimeDay[0]" classname="com.twelvemonkeys.lang.DateUtilTest" time="0"/>
  <testcase name="testRoundToSecond[0]" classname="com.twelvemonkeys.lang.DateUtilTest" time="0"/>
  <testcase name="testRoundToMinute[0]" classname="com.twelvemonkeys.lang.DateUtilTest" time="0"/>
  <testcase name="testRoundToHour[0]" classname="com.twelvemonkeys.lang.DateUtilTest" time="0"/>
  <testcase name="testRoundToHourTZ[0]" classname="com.twelvemonkeys.lang.DateUtilTest" time="0"/>
  <testcase name="testRoundToDay[1]" classname="com.twelvemonkeys.lang.DateUtilTest" time="0"/>
  <testcase name="testRoundToDayTZ[1]" classname="com.twelvemonkeys.lang.DateUtilTest" time="0"/>
  <testcase name="testCurrentTimeSecond[1]" classname="com.twelvemonkeys.lang.DateUtilTest" time="0"/>
  <testcase name="testCurrentTimeMinute[1]" classname="com.twelvemonkeys.lang.DateUtilTest" time="0"/>
  <testcase name="testCurrentTimeHour[1]" classname="com.twelvemonkeys.lang.DateUtilTest" time="0"/>
  <testcase name="testCurrentTimeDay[1]" classname="com.twelvemonkeys.lang.DateUtilTest" time="0"/>
  <testcase name="testRoundToSecond[1]" classname="com.twelvemonkeys.lang.DateUtilTest" time="0.001"/>
  <testcase name="testRoundToMinute[1]" classname="com.twelvemonkeys.lang.DateUtilTest" time="0"/>
  <testcase name="testRoundToHour[1]" classname="com.twelvemonkeys.lang.DateUtilTest" time="0"/>
  <testcase name="testRoundToHourTZ[1]" classname="com.twelvemonkeys.lang.DateUtilTest" time="0"/>
  <testcase name="testRoundToDay[2]" classname="com.twelvemonkeys.lang.DateUtilTest" time="0"/>
  <testcase name="testRoundToDayTZ[2]" classname="com.twelvemonkeys.lang.DateUtilTest" time="0"/>
  <testcase name="testCurrentTimeSecond[2]" classname="com.twelvemonkeys.lang.DateUtilTest" time="0"/>
  <testcase name="testCurrentTimeMinute[2]" classname="com.twelvemonkeys.lang.DateUtilTest" time="0"/>
  <testcase name="testCurrentTimeHour[2]" classname="com.twelvemonkeys.lang.DateUtilTest" time="0"/>
  <testcase name="testCurrentTimeDay[2]" classname="com.twelvemonkeys.lang.DateUtilTest" time="0"/>
  <testcase name="testRoundToSecond[2]" classname="com.twelvemonkeys.lang.DateUtilTest" time="0"/>
  <testcase name="testRoundToMinute[2]" classname="com.twelvemonkeys.lang.DateUtilTest" time="0"/>
  <testcase name="testRoundToHour[2]" classname="com.twelvemonkeys.lang.DateUtilTest" time="0"/>
  <testcase name="testRoundToHourTZ[2]" classname="com.twelvemonkeys.lang.DateUtilTest" time="0"/>
</testsuite>