<?xml version="1.0" encoding="UTF-8"?>
<testsuite xmlns:xsi="http://www.w3.org/2001/XMLSchema-instance" xsi:noNamespaceSchemaLocation="https://maven.apache.org/surefire/maven-surefire-plugin/xsd/surefire-test-report.xsd" name="com.twelvemonkeys.util.TimeoutMapTest" time="0.729" tests="57" errors="0" skipped="0" failures="0">
  <properties>
    <property name="awt.toolkit" value="sun.awt.X11.XToolkit"/>
    <property name="file.encoding.pkg" value="sun.io"/>
    <property name="java.specification.version" value="1.8"/>
    <property name="sun.cpu.isalist" value=""/>
    <property name="sun.jnu.encoding" value="UTF-8"/>
    <property name="java.class.path" value="/root/.m2/repository/org/apache/maven/surefire/surefire-booter/2.22.1/surefire-booter-2.22.1.jar:/root/.m2/repository/org/apache/maven/surefire/surefire-api/2.22.1/surefire-api-2.22.1.jar:/root/.m2/repository/org/apache/maven/surefire/surefire-logger-api/2.22.1/surefire-logger-api-2.22.1.jar:/usr/src/mymaven/imageio-extensions/common/common-lang/target/test-classes:/usr/src/mymaven/imageio-extensions/common/common-lang/target/classes:/root/.m2/repository/junit/junit/4.7/junit-4.7.jar:/root/.m2/repository/org/apache/maven/surefire/surefire-junit4/2.22.1/surefire-junit4-2.22.1.jar"/>
    <property name="java.vm.vendor" value="Oracle Corporation"/>
    <property name="sun.arch.data.model" value="64"/>
    <property name="java.vendor.url" value="http://java.oracle.com/"/>
    <property name="user.timezone" value=""/>
    <property name="java.vm.specification.version" value="1.8"/>
    <property name="os.name" value="Linux"/>
    <property name="sun.java.launcher" value="SUN_STANDARD"/>
    <property name="sun.boot.library.path" value="/usr/local/openjdk-8/jre/lib/amd64"/>
    <property name="sun.java.command" value="org.apache.maven.surefire.booter.ForkedBooter /usr/src/mymaven/imageio-extensions/common/common-lang/target/surefire 2022-12-05T14-14-04_249-jvmRun1 surefire7308453719092433255tmp surefire_03666010488796442132tmp"/>
    <property name="surefire.test.class.path" value="/usr/src/mymaven/imageio-extensions/common/common-lang/target/test-classes:/usr/src/mymaven/imageio-extensions/common/common-lang/target/classes:/root/.m2/repository/junit/junit/4.7/junit-4.7.jar:"/>
    <property name="sun.cpu.endian" value="little"/>
    <property name="user.home" value="/root"/>
    <property name="user.language" value="en"/>
    <property name="java.specification.vendor" value="Oracle Corporation"/>
    <property name="java.home" value="/usr/local/openjdk-8/jre"/>
    <property name="basedir" value="/usr/src/mymaven/imageio-extensions/common/common-lang"/>
    <property name="file.separator" value="/"/>
    <property name="line.separator" value="&#10;"/>
    <property name="java.vm.specification.vendor" value="Oracle Corporation"/>
    <property name="java.specification.name" value="Java Platform API Specification"/>
    <property name="java.awt.graphicsenv" value="sun.awt.X11GraphicsEnvironment"/>
    <property name="java.awt.headless" value="true"/>
    <property name="sun.boot.class.path" value="/usr/local/openjdk-8/jre/lib/resources.jar:/usr/local/openjdk-8/jre/lib/rt.jar:/usr/local/openjdk-8/jre/lib/sunrsasign.jar:/usr/local/openjdk-8/jre/lib/jsse.jar:/usr/local/openjdk-8/jre/lib/jce.jar:/usr/local/openjdk-8/jre/lib/charsets.jar:/usr/local/openjdk-8/jre/lib/jfr.jar:/usr/local/openjdk-8/jre/classes"/>
    <property name="sun.management.compiler" value="HotSpot 64-Bit Tiered Compilers"/>
    <property name="java.runtime.version" value="1.8.0_282-b08"/>
    <property name="user.name" value="root"/>
    <property name="path.separator" value=":"/>
    <property name="os.version" value="5.15.49-linuxkit"/>
    <property name="java.endorsed.dirs" value="/usr/local/openjdk-8/jre/lib/endorsed"/>
    <property name="java.runtime.name" value="OpenJDK Runtime Environment"/>
    <property name="file.encoding" value="UTF-8"/>
    <property name="java.vm.name" value="OpenJDK 64-Bit Server VM"/>
    <property name="localRepository" value="/root/.m2/repository"/>
    <property name="java.vendor.url.bug" value="http://bugreport.sun.com/bugreport/"/>
    <property name="java.io.tmpdir" value="/tmp"/>
    <property name="java.version" value="1.8.0_282"/>
    <property name="user.dir" value="/usr/src/mymaven/imageio-extensions/common/common-lang"/>
    <property name="os.arch" value="amd64"/>
    <property name="java.vm.specification.name" value="Java Virtual Machine Specification"/>
    <property name="java.awt.printerjob" value="sun.print.PSPrinterJob"/>
    <property name="sun.os.patch.level" value="unknown"/>
    <property name="java.library.path" value="/usr/java/packages/lib/amd64:/usr/lib64:/lib64:/lib:/usr/lib"/>
    <property name="java.vm.info" value="mixed mode"/>
    <property name="java.vendor" value="Oracle Corporation"/>
    <property name="java.vm.version" value="25.282-b08"/>
    <property name="java.ext.dirs" value="/usr/local/openjdk-8/jre/lib/ext:/usr/java/packages/lib/ext"/>
    <property name="sun.io.unicode.encoding" value="UnicodeLittle"/>
    <property name="java.class.version" value="52.0"/>
  </properties>
  <testcase name="testBasicMap" classname="com.twelvemonkeys.util.TimeoutMapTest" time="0.06"/>
  <testcase name="testBasicMapReturnsNullForMissingKey" classname="com.twelvemonkeys.util.TimeoutMapTest" time="0"/>
  <testcase name="testBasicMapAllowsNull" classname="com.twelvemonkeys.util.TimeoutMapTest" time="0"/>
  <testcase name="testBasicMapAllowsMultipleTypes" classname="com.twelvemonkeys.util.TimeoutMapTest" time="0"/>
  <testcase name="testBasicMapStoresOnlyOneValuePerKey" classname="com.twelvemonkeys.util.TimeoutMapTest" time="0"/>
  <testcase name="testBasicMapValuesView" classname="com.twelvemonkeys.util.TimeoutMapTest" time="0.011"/>
  <testcase name="testBasicMapKeySetView" classname="com.twelvemonkeys.util.TimeoutMapTest" time="0.012"/>
  <testcase name="testBasicMapEntrySetView" classname="com.twelvemonkeys.util.TimeoutMapTest" time="0.001"/>
  <testcase name="testBasicMapValuesViewRemoval" classname="com.twelvemonkeys.util.TimeoutMapTest" time="0"/>
  <testcase name="testBasicMapKeySetViewRemoval" classname="com.twelvemonkeys.util.TimeoutMapTest" time="0.004"/>
  <testcase name="testBasicMapEntrySetViewRemoval" classname="com.twelvemonkeys.util.TimeoutMapTest" time="0"/>
  <testcase name="testTimeoutReturnNull" classname="com.twelvemonkeys.util.TimeoutMapTest" time="0.114"/>
  <testcase name="testTimeoutIsEmpty" classname="com.twelvemonkeys.util.TimeoutMapTest" time="0.101"/>
  <testcase name="testTimeoutWrapIsEmpty" classname="com.twelvemonkeys.util.TimeoutMapTest" time="0.11"/>
  <testcase name="testTimeoutWrapReturnNull" classname="com.twelvemonkeys.util.TimeoutMapTest" time="0.111"/>
  <testcase name="testWrapMaxSize" classname="com.twelvemonkeys.util.TimeoutMapTest" time="0"/>
  <testcase name="testWrapMapContainingValues" classname="com.twelvemonkeys.util.TimeoutMapTest" time="0"/>
  <testcase name="testIteratorRemove" classname="com.twelvemonkeys.util.TimeoutMapTest" time="0"/>
  <testcase name="testIteratorPredictableNext" classname="com.twelvemonkeys.util.TimeoutMapTest" time="0.06"/>
  <testcase name="testIteratorPredictableRemove" classname="com.twelvemonkeys.util.TimeoutMapTest" time="0.06"/>
  <testcase name="testIteratorPredictableNextRemove" classname="com.twelvemonkeys.util.TimeoutMapTest" time="0.061"/>
  <testcase name="testIteratorPredictableRemovedEntry" classname="com.twelvemonkeys.util.TimeoutMapTest" time="0"/>
  <testcase name="testMapEquals" classname="com.twelvemonkeys.util.TimeoutMapTest" time="0.002"/>
  <testcase name="testMapGet" classname="com.twelvemonkeys.util.TimeoutMapTest" time="0"/>
  <testcase name="testMapHashCode" classname="com.twelvemonkeys.util.TimeoutMapTest" time="0"/>
  <testcase name="testMapToString" classname="com.twelvemonkeys.util.TimeoutMapTest" time="0"/>
  <testcase name="testMapPut" classname="com.twelvemonkeys.util.TimeoutMapTest" time="0.006"/>
  <testcase name="testMapPutNullKey" classname="com.twelvemonkeys.util.TimeoutMapTest" time="0"/>
  <testcase name="testMapPutNullValue" classname="com.twelvemonkeys.util.TimeoutMapTest" time="0"/>
  <testcase name="testMapPutAll" classname="com.twelvemonkeys.util.TimeoutMapTest" time="0"/>
  <testcase name="testMapRemove" classname="com.twelvemonkeys.util.TimeoutMapTest" time="0.003"/>
  <testcase name="testValuesClearChangesMap" classname="com.twelvemonkeys.util.TimeoutMapTest" time="0"/>
  <testcase name="testKeySetClearChangesMap" classname="com.twelvemonkeys.util.TimeoutMapTest" time="0"/>
  <testcase name="testEntrySetClearChangesMap" classname="com.twelvemonkeys.util.TimeoutMapTest" time="0"/>
  <testcase name="testEntrySetContains1" classname="com.twelvemonkeys.util.TimeoutMapTest" time="0"/>
  <testcase name="testEntrySetContains2" classname="com.twelvemonkeys.util.TimeoutMapTest" time="0"/>
  <testcase name="testEntrySetContains3" classname="com.twelvemonkeys.util.TimeoutMapTest" time="0"/>
  <testcase name="testEntrySetRemove1" classname="com.twelvemonkeys.util.TimeoutMapTest" time="0"/>
  <testcase name="testEntrySetRemove2" classname="com.twelvemonkeys.util.TimeoutMapTest" time="0.001"/>
  <testcase name="testEntrySetRemove3" classname="com.twelvemonkeys.util.TimeoutMapTest" time="0"/>
  <testcase name="testValuesRemoveChangesMap" classname="com.twelvemonkeys.util.TimeoutMapTest" time="0"/>
  <testcase name="testKeySetRemoveChangesMap" classname="com.twelvemonkeys.util.TimeoutMapTest" time="0.001"/>
  <testcase name="testSampleMappings" classname="com.twelvemonkeys.util.TimeoutMapTest" time="0"/>
  <testcase name="testMakeMap" classname="com.twelvemonkeys.util.TimeoutMapTest" time="0"/>
  <testcase name="testMapIsEmpty" classname="com.twelvemonkeys.util.TimeoutMapTest" time="0"/>
  <testcase name="testMapSize" classname="com.twelvemonkeys.util.TimeoutMapTest" time="0"/>
  <testcase name="testMapClear" classname="com.twelvemonkeys.util.TimeoutMapTest" time="0"/>
  <testcase name="testMapContainsKey" classname="com.twelvemonkeys.util.TimeoutMapTest" time="0.001"/>
  <testcase name="testMapContainsValue" classname="com.twelvemonkeys.util.TimeoutMapTest" time="0"/>
  <testcase name="testCanonicalFullCollectionExists" classname="com.twelvemonkeys.util.TimeoutMapTest" time="0"/>
  <testcase name="testCanonicalEmptyCollectionExists" classname="com.twelvemonkeys.util.TimeoutMapTest" time="0"/>
  <testcase name="testObjectEqualsSelf" classname="com.twelvemonkeys.util.TimeoutMapTest" time="0"/>
  <testcase name="testObjectHashCodeEqualsContract" classname="com.twelvemonkeys.util.TimeoutMapTest" time="0"/>
  <testcase name="testSimpleSerialization" classname="com.twelvemonkeys.util.TimeoutMapTest" time="0.002"/>
  <testcase name="testObjectHashCodeEqualsSelfHashCode" classname="com.twelvemonkeys.util.TimeoutMapTest" time="0"/>
  <testcase name="testSerializeDeserializeThenCompare" classname="com.twelvemonkeys.util.TimeoutMapTest" time="0.001"/>
  <testcase name="testEqualsNull" classname="com.twelvemonkeys.util.TimeoutMapTest" time="0"/>
</testsuite>